2018-11-19 15:29:46,617 - Log4JLogChute initialized using file 'velocity.log'
2018-11-19 15:29:46,618 - Initializing Velocity, Calling init()...
2018-11-19 15:29:46,618 - Starting Apache Velocity v1.7 (compiled: 2010-11-19 12:14:37)
2018-11-19 15:29:46,618 - Default Properties File: org\apache\velocity\runtime\defaults\velocity.properties
2018-11-19 15:29:46,618 - Trying to use logger class org.apache.velocity.runtime.log.AvalonLogChute
2018-11-19 15:29:46,618 - Target log system for org.apache.velocity.runtime.log.AvalonLogChute is not available (java.lang.NoClassDefFoundError: org/apache/log/format/Formatter).  Falling back to next log system...
2018-11-19 15:29:46,618 - Trying to use logger class org.apache.velocity.runtime.log.Log4JLogChute
2018-11-19 15:29:46,618 - Using logger class org.apache.velocity.runtime.log.Log4JLogChute
2018-11-19 15:29:46,625 - ResourceLoader instantiated: org.apache.velocity.runtime.resource.loader.FileResourceLoader
2018-11-19 15:29:46,626 - Do unicode file recognition:  false
2018-11-19 15:29:46,626 - FileResourceLoader : adding path 'E:\workspace\agency-efolder-windows\target\classes\outerConfig\app\efolder-web\conf'
2018-11-19 15:29:46,640 - ResourceCache: initialized (class org.apache.velocity.runtime.resource.ResourceCacheImpl) with class java.util.Collections$SynchronizedMap cache map.
2018-11-19 15:29:46,641 - Loaded System Directive: org.apache.velocity.runtime.directive.Stop
2018-11-19 15:29:46,643 - Loaded System Directive: org.apache.velocity.runtime.directive.Define
2018-11-19 15:29:46,643 - Loaded System Directive: org.apache.velocity.runtime.directive.Break
2018-11-19 15:29:46,644 - Loaded System Directive: org.apache.velocity.runtime.directive.Evaluate
2018-11-19 15:29:46,645 - Loaded System Directive: org.apache.velocity.runtime.directive.Literal
2018-11-19 15:29:46,648 - Loaded System Directive: org.apache.velocity.runtime.directive.Macro
2018-11-19 15:29:46,649 - Loaded System Directive: org.apache.velocity.runtime.directive.Parse
2018-11-19 15:29:46,650 - Loaded System Directive: org.apache.velocity.runtime.directive.Include
2018-11-19 15:29:46,651 - Loaded System Directive: org.apache.velocity.runtime.directive.Foreach
2018-11-19 15:29:46,692 - Created '20' parsers.
2018-11-19 15:29:46,697 - Velocimacro : "velocimacro.library" is not set.  Trying default library: VM_global_library.vm
2018-11-19 15:29:46,698 - Velocimacro : Default library not found.
2018-11-19 15:29:46,698 - Velocimacro : allowInline = true : VMs can be defined inline in templates
2018-11-19 15:29:46,698 - Velocimacro : allowInlineToOverride = false : VMs defined inline may NOT replace previous VM definitions
2018-11-19 15:29:46,698 - Velocimacro : allowInlineLocal = false : VMs defined inline will be global in scope if allowed.
2018-11-19 15:29:46,698 - Velocimacro : autoload off : VM system will not automatically reload global library macros
2018-11-19 15:29:46,717 - ResourceManager : found application-agency_properties.vm with loader org.apache.velocity.runtime.resource.loader.FileResourceLoader
2018-11-19 15:29:46,722 - Log4JLogChute initialized using file 'velocity.log'
2018-11-19 15:29:46,722 - Log4JLogChute initialized using file 'velocity.log'
2018-11-19 15:29:46,722 - Initializing Velocity, Calling init()...
2018-11-19 15:29:46,722 - Initializing Velocity, Calling init()...
2018-11-19 15:29:46,722 - Starting Apache Velocity v1.7 (compiled: 2010-11-19 12:14:37)
2018-11-19 15:29:46,722 - Starting Apache Velocity v1.7 (compiled: 2010-11-19 12:14:37)
2018-11-19 15:29:46,722 - Default Properties File: org\apache\velocity\runtime\defaults\velocity.properties
2018-11-19 15:29:46,722 - Default Properties File: org\apache\velocity\runtime\defaults\velocity.properties
2018-11-19 15:29:46,722 - Trying to use logger class org.apache.velocity.runtime.log.AvalonLogChute
2018-11-19 15:29:46,722 - Trying to use logger class org.apache.velocity.runtime.log.AvalonLogChute
2018-11-19 15:29:46,722 - Target log system for org.apache.velocity.runtime.log.AvalonLogChute is not available (java.lang.NoClassDefFoundError: org/apache/log/format/Formatter).  Falling back to next log system...
2018-11-19 15:29:46,722 - Target log system for org.apache.velocity.runtime.log.AvalonLogChute is not available (java.lang.NoClassDefFoundError: org/apache/log/format/Formatter).  Falling back to next log system...
2018-11-19 15:29:46,722 - Trying to use logger class org.apache.velocity.runtime.log.Log4JLogChute
2018-11-19 15:29:46,722 - Trying to use logger class org.apache.velocity.runtime.log.Log4JLogChute
2018-11-19 15:29:46,722 - Using logger class org.apache.velocity.runtime.log.Log4JLogChute
2018-11-19 15:29:46,722 - Using logger class org.apache.velocity.runtime.log.Log4JLogChute
2018-11-19 15:29:46,722 - ResourceLoader instantiated: org.apache.velocity.runtime.resource.loader.FileResourceLoader
2018-11-19 15:29:46,722 - ResourceLoader instantiated: org.apache.velocity.runtime.resource.loader.FileResourceLoader
2018-11-19 15:29:46,722 - Do unicode file recognition:  false
2018-11-19 15:29:46,722 - Do unicode file recognition:  false
2018-11-19 15:29:46,722 - FileResourceLoader : adding path 'E:\workspace\agency-efolder-windows\target\classes\outerConfig\app\efolder-web\conf'
2018-11-19 15:29:46,722 - FileResourceLoader : adding path 'E:\workspace\agency-efolder-windows\target\classes\outerConfig\app\efolder-web\conf'
2018-11-19 15:29:46,722 - ResourceCache: initialized (class org.apache.velocity.runtime.resource.ResourceCacheImpl) with class java.util.Collections$SynchronizedMap cache map.
2018-11-19 15:29:46,722 - ResourceCache: initialized (class org.apache.velocity.runtime.resource.ResourceCacheImpl) with class java.util.Collections$SynchronizedMap cache map.
2018-11-19 15:29:46,723 - Loaded System Directive: org.apache.velocity.runtime.directive.Stop
2018-11-19 15:29:46,723 - Loaded System Directive: org.apache.velocity.runtime.directive.Stop
2018-11-19 15:29:46,723 - Loaded System Directive: org.apache.velocity.runtime.directive.Define
2018-11-19 15:29:46,723 - Loaded System Directive: org.apache.velocity.runtime.directive.Define
2018-11-19 15:29:46,723 - Loaded System Directive: org.apache.velocity.runtime.directive.Break
2018-11-19 15:29:46,723 - Loaded System Directive: org.apache.velocity.runtime.directive.Break
2018-11-19 15:29:46,723 - Loaded System Directive: org.apache.velocity.runtime.directive.Evaluate
2018-11-19 15:29:46,723 - Loaded System Directive: org.apache.velocity.runtime.directive.Evaluate
2018-11-19 15:29:46,723 - Loaded System Directive: org.apache.velocity.runtime.directive.Literal
2018-11-19 15:29:46,723 - Loaded System Directive: org.apache.velocity.runtime.directive.Literal
2018-11-19 15:29:46,723 - Loaded System Directive: org.apache.velocity.runtime.directive.Macro
2018-11-19 15:29:46,723 - Loaded System Directive: org.apache.velocity.runtime.directive.Macro
2018-11-19 15:29:46,723 - Loaded System Directive: org.apache.velocity.runtime.directive.Parse
2018-11-19 15:29:46,723 - Loaded System Directive: org.apache.velocity.runtime.directive.Parse
2018-11-19 15:29:46,723 - Loaded System Directive: org.apache.velocity.runtime.directive.Include
2018-11-19 15:29:46,723 - Loaded System Directive: org.apache.velocity.runtime.directive.Include
2018-11-19 15:29:46,723 - Loaded System Directive: org.apache.velocity.runtime.directive.Foreach
2018-11-19 15:29:46,723 - Loaded System Directive: org.apache.velocity.runtime.directive.Foreach
2018-11-19 15:29:46,734 - Created '20' parsers.
2018-11-19 15:29:46,734 - Created '20' parsers.
2018-11-19 15:29:46,735 - Velocimacro : "velocimacro.library" is not set.  Trying default library: VM_global_library.vm
2018-11-19 15:29:46,735 - Velocimacro : "velocimacro.library" is not set.  Trying default library: VM_global_library.vm
2018-11-19 15:29:46,735 - Velocimacro : Default library not found.
2018-11-19 15:29:46,735 - Velocimacro : Default library not found.
2018-11-19 15:29:46,735 - Velocimacro : allowInline = true : VMs can be defined inline in templates
2018-11-19 15:29:46,735 - Velocimacro : allowInline = true : VMs can be defined inline in templates
2018-11-19 15:29:46,735 - Velocimacro : allowInlineToOverride = false : VMs defined inline may NOT replace previous VM definitions
2018-11-19 15:29:46,735 - Velocimacro : allowInlineToOverride = false : VMs defined inline may NOT replace previous VM definitions
2018-11-19 15:29:46,735 - Velocimacro : allowInlineLocal = false : VMs defined inline will be global in scope if allowed.
2018-11-19 15:29:46,735 - Velocimacro : allowInlineLocal = false : VMs defined inline will be global in scope if allowed.
2018-11-19 15:29:46,735 - Velocimacro : autoload off : VM system will not automatically reload global library macros
2018-11-19 15:29:46,735 - Velocimacro : autoload off : VM system will not automatically reload global library macros
2018-11-19 15:29:46,762 - ResourceManager : found application_properties.vm with loader org.apache.velocity.runtime.resource.loader.FileResourceLoader
2018-11-19 15:29:46,768 - Log4JLogChute initialized using file 'velocity.log'
2018-11-19 15:29:46,768 - Log4JLogChute initialized using file 'velocity.log'
2018-11-19 15:29:46,768 - Initializing Velocity, Calling init()...
2018-11-19 15:29:46,768 - Initializing Velocity, Calling init()...
2018-11-19 15:29:46,768 - Starting Apache Velocity v1.7 (compiled: 2010-11-19 12:14:37)
2018-11-19 15:29:46,768 - Starting Apache Velocity v1.7 (compiled: 2010-11-19 12:14:37)
2018-11-19 15:29:46,768 - Default Properties File: org\apache\velocity\runtime\defaults\velocity.properties
2018-11-19 15:29:46,768 - Default Properties File: org\apache\velocity\runtime\defaults\velocity.properties
2018-11-19 15:29:46,768 - Trying to use logger class org.apache.velocity.runtime.log.AvalonLogChute
2018-11-19 15:29:46,768 - Trying to use logger class org.apache.velocity.runtime.log.AvalonLogChute
2018-11-19 15:29:46,768 - Target log system for org.apache.velocity.runtime.log.AvalonLogChute is not available (java.lang.NoClassDefFoundError: org/apache/log/format/Formatter).  Falling back to next log system...
2018-11-19 15:29:46,768 - Target log system for org.apache.velocity.runtime.log.AvalonLogChute is not available (java.lang.NoClassDefFoundError: org/apache/log/format/Formatter).  Falling back to next log system...
2018-11-19 15:29:46,768 - Trying to use logger class org.apache.velocity.runtime.log.Log4JLogChute
2018-11-19 15:29:46,768 - Trying to use logger class org.apache.velocity.runtime.log.Log4JLogChute
2018-11-19 15:29:46,768 - Using logger class org.apache.velocity.runtime.log.Log4JLogChute
2018-11-19 15:29:46,768 - Using logger class org.apache.velocity.runtime.log.Log4JLogChute
2018-11-19 15:29:46,768 - ResourceLoader instantiated: org.apache.velocity.runtime.resource.loader.FileResourceLoader
2018-11-19 15:29:46,768 - ResourceLoader instantiated: org.apache.velocity.runtime.resource.loader.FileResourceLoader
2018-11-19 15:29:46,768 - Do unicode file recognition:  false
2018-11-19 15:29:46,768 - Do unicode file recognition:  false
2018-11-19 15:29:46,768 - FileResourceLoader : adding path 'E:\workspace\agency-efolder-windows\target\classes\outerConfig\app\efolder-web\conf'
2018-11-19 15:29:46,768 - FileResourceLoader : adding path 'E:\workspace\agency-efolder-windows\target\classes\outerConfig\app\efolder-web\conf'
2018-11-19 15:29:46,768 - ResourceCache: initialized (class org.apache.velocity.runtime.resource.ResourceCacheImpl) with class java.util.Collections$SynchronizedMap cache map.
2018-11-19 15:29:46,768 - ResourceCache: initialized (class org.apache.velocity.runtime.resource.ResourceCacheImpl) with class java.util.Collections$SynchronizedMap cache map.
2018-11-19 15:29:46,769 - Loaded System Directive: org.apache.velocity.runtime.directive.Stop
2018-11-19 15:29:46,769 - Loaded System Directive: org.apache.velocity.runtime.directive.Stop
2018-11-19 15:29:46,769 - Loaded System Directive: org.apache.velocity.runtime.directive.Define
2018-11-19 15:29:46,769 - Loaded System Directive: org.apache.velocity.runtime.directive.Define
2018-11-19 15:29:46,769 - Loaded System Directive: org.apache.velocity.runtime.directive.Break
2018-11-19 15:29:46,769 - Loaded System Directive: org.apache.velocity.runtime.directive.Break
2018-11-19 15:29:46,769 - Loaded System Directive: org.apache.velocity.runtime.directive.Evaluate
2018-11-19 15:29:46,769 - Loaded System Directive: org.apache.velocity.runtime.directive.Evaluate
2018-11-19 15:29:46,769 - Loaded System Directive: org.apache.velocity.runtime.directive.Literal
2018-11-19 15:29:46,769 - Loaded System Directive: org.apache.velocity.runtime.directive.Literal
2018-11-19 15:29:46,769 - Loaded System Directive: org.apache.velocity.runtime.directive.Macro
2018-11-19 15:29:46,769 - Loaded System Directive: org.apache.velocity.runtime.directive.Macro
2018-11-19 15:29:46,769 - Loaded System Directive: org.apache.velocity.runtime.directive.Parse
2018-11-19 15:29:46,769 - Loaded System Directive: org.apache.velocity.runtime.directive.Parse
2018-11-19 15:29:46,769 - Loaded System Directive: org.apache.velocity.runtime.directive.Include
2018-11-19 15:29:46,769 - Loaded System Directive: org.apache.velocity.runtime.directive.Include
2018-11-19 15:29:46,769 - Loaded System Directive: org.apache.velocity.runtime.directive.Foreach
2018-11-19 15:29:46,769 - Loaded System Directive: org.apache.velocity.runtime.directive.Foreach
2018-11-19 15:29:46,770 - Created '20' parsers.
2018-11-19 15:29:46,770 - Created '20' parsers.
2018-11-19 15:29:46,770 - Velocimacro : "velocimacro.library" is not set.  Trying default library: VM_global_library.vm
2018-11-19 15:29:46,770 - Velocimacro : "velocimacro.library" is not set.  Trying default library: VM_global_library.vm
2018-11-19 15:29:46,770 - Velocimacro : Default library not found.
2018-11-19 15:29:46,770 - Velocimacro : Default library not found.
2018-11-19 15:29:46,770 - Velocimacro : allowInline = true : VMs can be defined inline in templates
2018-11-19 15:29:46,770 - Velocimacro : allowInline = true : VMs can be defined inline in templates
2018-11-19 15:29:46,770 - Velocimacro : allowInlineToOverride = false : VMs defined inline may NOT replace previous VM definitions
2018-11-19 15:29:46,770 - Velocimacro : allowInlineToOverride = false : VMs defined inline may NOT replace previous VM definitions
2018-11-19 15:29:46,770 - Velocimacro : allowInlineLocal = false : VMs defined inline will be global in scope if allowed.
2018-11-19 15:29:46,770 - Velocimacro : allowInlineLocal = false : VMs defined inline will be global in scope if allowed.
2018-11-19 15:29:46,770 - Velocimacro : autoload off : VM system will not automatically reload global library macros
2018-11-19 15:29:46,770 - Velocimacro : autoload off : VM system will not automatically reload global library macros
2018-11-19 15:29:46,796 - ResourceManager : found bosssoft_properties.vm with loader org.apache.velocity.runtime.resource.loader.FileResourceLoader
2018-11-19 15:29:46,796 - ResourceManager : found bosssoft_properties.vm with loader org.apache.velocity.runtime.resource.loader.FileResourceLoader
2018-11-19 15:29:46,799 - Log4JLogChute initialized using file 'velocity.log'
2018-11-19 15:29:46,799 - Log4JLogChute initialized using file 'velocity.log'
2018-11-19 15:29:46,799 - Log4JLogChute initialized using file 'velocity.log'
2018-11-19 15:29:46,799 - Initializing Velocity, Calling init()...
2018-11-19 15:29:46,799 - Initializing Velocity, Calling init()...
2018-11-19 15:29:46,799 - Initializing Velocity, Calling init()...
2018-11-19 15:29:46,799 - Starting Apache Velocity v1.7 (compiled: 2010-11-19 12:14:37)
2018-11-19 15:29:46,799 - Starting Apache Velocity v1.7 (compiled: 2010-11-19 12:14:37)
2018-11-19 15:29:46,799 - Starting Apache Velocity v1.7 (compiled: 2010-11-19 12:14:37)
2018-11-19 15:29:46,799 - Default Properties File: org\apache\velocity\runtime\defaults\velocity.properties
2018-11-19 15:29:46,799 - Default Properties File: org\apache\velocity\runtime\defaults\velocity.properties
2018-11-19 15:29:46,799 - Default Properties File: org\apache\velocity\runtime\defaults\velocity.properties
2018-11-19 15:29:46,799 - Trying to use logger class org.apache.velocity.runtime.log.AvalonLogChute
2018-11-19 15:29:46,799 - Trying to use logger class org.apache.velocity.runtime.log.AvalonLogChute
2018-11-19 15:29:46,799 - Trying to use logger class org.apache.velocity.runtime.log.AvalonLogChute
2018-11-19 15:29:46,799 - Target log system for org.apache.velocity.runtime.log.AvalonLogChute is not available (java.lang.NoClassDefFoundError: org/apache/log/format/Formatter).  Falling back to next log system...
2018-11-19 15:29:46,799 - Target log system for org.apache.velocity.runtime.log.AvalonLogChute is not available (java.lang.NoClassDefFoundError: org/apache/log/format/Formatter).  Falling back to next log system...
2018-11-19 15:29:46,799 - Target log system for org.apache.velocity.runtime.log.AvalonLogChute is not available (java.lang.NoClassDefFoundError: org/apache/log/format/Formatter).  Falling back to next log system...
2018-11-19 15:29:46,799 - Trying to use logger class org.apache.velocity.runtime.log.Log4JLogChute
2018-11-19 15:29:46,799 - Trying to use logger class org.apache.velocity.runtime.log.Log4JLogChute
2018-11-19 15:29:46,799 - Trying to use logger class org.apache.velocity.runtime.log.Log4JLogChute
2018-11-19 15:29:46,799 - Using logger class org.apache.velocity.runtime.log.Log4JLogChute
2018-11-19 15:29:46,799 - Using logger class org.apache.velocity.runtime.log.Log4JLogChute
2018-11-19 15:29:46,799 - Using logger class org.apache.velocity.runtime.log.Log4JLogChute
2018-11-19 15:29:46,799 - ResourceLoader instantiated: org.apache.velocity.runtime.resource.loader.FileResourceLoader
2018-11-19 15:29:46,799 - ResourceLoader instantiated: org.apache.velocity.runtime.resource.loader.FileResourceLoader
2018-11-19 15:29:46,799 - ResourceLoader instantiated: org.apache.velocity.runtime.resource.loader.FileResourceLoader
2018-11-19 15:29:46,799 - Do unicode file recognition:  false
2018-11-19 15:29:46,799 - Do unicode file recognition:  false
2018-11-19 15:29:46,799 - Do unicode file recognition:  false
2018-11-19 15:29:46,800 - FileResourceLoader : adding path 'E:\workspace\agency-efolder-windows\target\classes\outerConfig\app\efolder-web\conf'
2018-11-19 15:29:46,800 - FileResourceLoader : adding path 'E:\workspace\agency-efolder-windows\target\classes\outerConfig\app\efolder-web\conf'
2018-11-19 15:29:46,800 - FileResourceLoader : adding path 'E:\workspace\agency-efolder-windows\target\classes\outerConfig\app\efolder-web\conf'
2018-11-19 15:29:46,800 - ResourceCache: initialized (class org.apache.velocity.runtime.resource.ResourceCacheImpl) with class java.util.Collections$SynchronizedMap cache map.
2018-11-19 15:29:46,800 - ResourceCache: initialized (class org.apache.velocity.runtime.resource.ResourceCacheImpl) with class java.util.Collections$SynchronizedMap cache map.
2018-11-19 15:29:46,800 - ResourceCache: initialized (class org.apache.velocity.runtime.resource.ResourceCacheImpl) with class java.util.Collections$SynchronizedMap cache map.
2018-11-19 15:29:46,800 - Loaded System Directive: org.apache.velocity.runtime.directive.Stop
2018-11-19 15:29:46,800 - Loaded System Directive: org.apache.velocity.runtime.directive.Stop
2018-11-19 15:29:46,800 - Loaded System Directive: org.apache.velocity.runtime.directive.Stop
2018-11-19 15:29:46,800 - Loaded System Directive: org.apache.velocity.runtime.directive.Define
2018-11-19 15:29:46,800 - Loaded System Directive: org.apache.velocity.runtime.directive.Define
2018-11-19 15:29:46,800 - Loaded System Directive: org.apache.velocity.runtime.directive.Define
2018-11-19 15:29:46,800 - Loaded System Directive: org.apache.velocity.runtime.directive.Break
2018-11-19 15:29:46,800 - Loaded System Directive: org.apache.velocity.runtime.directive.Break
2018-11-19 15:29:46,800 - Loaded System Directive: org.apache.velocity.runtime.directive.Break
2018-11-19 15:29:46,800 - Loaded System Directive: org.apache.velocity.runtime.directive.Evaluate
2018-11-19 15:29:46,800 - Loaded System Directive: org.apache.velocity.runtime.directive.Evaluate
2018-11-19 15:29:46,800 - Loaded System Directive: org.apache.velocity.runtime.directive.Evaluate
2018-11-19 15:29:46,800 - Loaded System Directive: org.apache.velocity.runtime.directive.Literal
2018-11-19 15:29:46,800 - Loaded System Directive: org.apache.velocity.runtime.directive.Literal
2018-11-19 15:29:46,800 - Loaded System Directive: org.apache.velocity.runtime.directive.Literal
2018-11-19 15:29:46,800 - Loaded System Directive: org.apache.velocity.runtime.directive.Macro
2018-11-19 15:29:46,800 - Loaded System Directive: org.apache.velocity.runtime.directive.Macro
2018-11-19 15:29:46,800 - Loaded System Directive: org.apache.velocity.runtime.directive.Macro
2018-11-19 15:29:46,800 - Loaded System Directive: org.apache.velocity.runtime.directive.Parse
2018-11-19 15:29:46,800 - Loaded System Directive: org.apache.velocity.runtime.directive.Parse
2018-11-19 15:29:46,800 - Loaded System Directive: org.apache.velocity.runtime.directive.Parse
2018-11-19 15:29:46,800 - Loaded System Directive: org.apache.velocity.runtime.directive.Include
2018-11-19 15:29:46,800 - Loaded System Directive: org.apache.velocity.runtime.directive.Include
2018-11-19 15:29:46,800 - Loaded System Directive: org.apache.velocity.runtime.directive.Include
2018-11-19 15:29:46,800 - Loaded System Directive: org.apache.velocity.runtime.directive.Foreach
2018-11-19 15:29:46,800 - Loaded System Directive: org.apache.velocity.runtime.directive.Foreach
2018-11-19 15:29:46,800 - Loaded System Directive: org.apache.velocity.runtime.directive.Foreach
2018-11-19 15:29:46,801 - Created '20' parsers.
2018-11-19 15:29:46,801 - Created '20' parsers.
2018-11-19 15:29:46,801 - Created '20' parsers.
2018-11-19 15:29:46,801 - Velocimacro : "velocimacro.library" is not set.  Trying default library: VM_global_library.vm
2018-11-19 15:29:46,801 - Velocimacro : "velocimacro.library" is not set.  Trying default library: VM_global_library.vm
2018-11-19 15:29:46,801 - Velocimacro : "velocimacro.library" is not set.  Trying default library: VM_global_library.vm
2018-11-19 15:29:46,801 - Velocimacro : Default library not found.
2018-11-19 15:29:46,801 - Velocimacro : Default library not found.
2018-11-19 15:29:46,801 - Velocimacro : Default library not found.
2018-11-19 15:29:46,801 - Velocimacro : allowInline = true : VMs can be defined inline in templates
2018-11-19 15:29:46,801 - Velocimacro : allowInline = true : VMs can be defined inline in templates
2018-11-19 15:29:46,801 - Velocimacro : allowInline = true : VMs can be defined inline in templates
2018-11-19 15:29:46,801 - Velocimacro : allowInlineToOverride = false : VMs defined inline may NOT replace previous VM definitions
2018-11-19 15:29:46,801 - Velocimacro : allowInlineToOverride = false : VMs defined inline may NOT replace previous VM definitions
2018-11-19 15:29:46,801 - Velocimacro : allowInlineToOverride = false : VMs defined inline may NOT replace previous VM definitions
2018-11-19 15:29:46,801 - Velocimacro : allowInlineLocal = false : VMs defined inline will be global in scope if allowed.
2018-11-19 15:29:46,801 - Velocimacro : allowInlineLocal = false : VMs defined inline will be global in scope if allowed.
2018-11-19 15:29:46,801 - Velocimacro : allowInlineLocal = false : VMs defined inline will be global in scope if allowed.
2018-11-19 15:29:46,801 - Velocimacro : autoload off : VM system will not automatically reload global library macros
2018-11-19 15:29:46,801 - Velocimacro : autoload off : VM system will not automatically reload global library macros
2018-11-19 15:29:46,801 - Velocimacro : autoload off : VM system will not automatically reload global library macros
2018-11-19 15:29:46,802 - ResourceManager : found urlrewrite_xml.vm with loader org.apache.velocity.runtime.resource.loader.FileResourceLoader
2018-11-19 15:29:46,802 - ResourceManager : found urlrewrite_xml.vm with loader org.apache.velocity.runtime.resource.loader.FileResourceLoader
2018-11-19 15:29:46,802 - ResourceManager : found urlrewrite_xml.vm with loader org.apache.velocity.runtime.resource.loader.FileResourceLoader
2018-11-19 15:32:59,573 - Log4JLogChute initialized using file 'velocity.log'
2018-11-19 15:32:59,573 - Initializing Velocity, Calling init()...
2018-11-19 15:32:59,573 - Starting Apache Velocity v1.7 (compiled: 2010-11-19 12:14:37)
2018-11-19 15:32:59,574 - Default Properties File: org\apache\velocity\runtime\defaults\velocity.properties
2018-11-19 15:32:59,574 - Trying to use logger class org.apache.velocity.runtime.log.AvalonLogChute
2018-11-19 15:32:59,574 - Target log system for org.apache.velocity.runtime.log.AvalonLogChute is not available (java.lang.NoClassDefFoundError: org/apache/log/format/Formatter).  Falling back to next log system...
2018-11-19 15:32:59,574 - Trying to use logger class org.apache.velocity.runtime.log.Log4JLogChute
2018-11-19 15:32:59,574 - Using logger class org.apache.velocity.runtime.log.Log4JLogChute
2018-11-19 15:32:59,577 - ResourceLoader instantiated: org.apache.velocity.runtime.resource.loader.FileResourceLoader
2018-11-19 15:32:59,578 - Do unicode file recognition:  false
2018-11-19 15:32:59,578 - FileResourceLoader : adding path 'E:\workspace\agency-efolder-windows\target\classes\outerConfig\app\efolder-web\conf'
2018-11-19 15:32:59,583 - ResourceCache: initialized (class org.apache.velocity.runtime.resource.ResourceCacheImpl) with class java.util.Collections$SynchronizedMap cache map.
2018-11-19 15:32:59,584 - Loaded System Directive: org.apache.velocity.runtime.directive.Stop
2018-11-19 15:32:59,585 - Loaded System Directive: org.apache.velocity.runtime.directive.Define
2018-11-19 15:32:59,585 - Loaded System Directive: org.apache.velocity.runtime.directive.Break
2018-11-19 15:32:59,585 - Loaded System Directive: org.apache.velocity.runtime.directive.Evaluate
2018-11-19 15:32:59,586 - Loaded System Directive: org.apache.velocity.runtime.directive.Literal
2018-11-19 15:32:59,587 - Loaded System Directive: org.apache.velocity.runtime.directive.Macro
2018-11-19 15:32:59,588 - Loaded System Directive: org.apache.velocity.runtime.directive.Parse
2018-11-19 15:32:59,589 - Loaded System Directive: org.apache.velocity.runtime.directive.Include
2018-11-19 15:32:59,590 - Loaded System Directive: org.apache.velocity.runtime.directive.Foreach
2018-11-19 15:32:59,610 - Created '20' parsers.
2018-11-19 15:32:59,614 - Velocimacro : "velocimacro.library" is not set.  Trying default library: VM_global_library.vm
2018-11-19 15:32:59,614 - Velocimacro : Default library not found.
2018-11-19 15:32:59,614 - Velocimacro : allowInline = true : VMs can be defined inline in templates
2018-11-19 15:32:59,614 - Velocimacro : allowInlineToOverride = false : VMs defined inline may NOT replace previous VM definitions
2018-11-19 15:32:59,614 - Velocimacro : allowInlineLocal = false : VMs defined inline will be global in scope if allowed.
2018-11-19 15:32:59,614 - Velocimacro : autoload off : VM system will not automatically reload global library macros
2018-11-19 15:32:59,623 - ResourceManager : found application-agency_properties.vm with loader org.apache.velocity.runtime.resource.loader.FileResourceLoader
2018-11-19 15:32:59,627 - Log4JLogChute initialized using file 'velocity.log'
2018-11-19 15:32:59,627 - Log4JLogChute initialized using file 'velocity.log'
2018-11-19 15:32:59,627 - Initializing Velocity, Calling init()...
2018-11-19 15:32:59,627 - Initializing Velocity, Calling init()...
2018-11-19 15:32:59,627 - Starting Apache Velocity v1.7 (compiled: 2010-11-19 12:14:37)
2018-11-19 15:32:59,627 - Starting Apache Velocity v1.7 (compiled: 2010-11-19 12:14:37)
2018-11-19 15:32:59,627 - Default Properties File: org\apache\velocity\runtime\defaults\velocity.properties
2018-11-19 15:32:59,627 - Default Properties File: org\apache\velocity\runtime\defaults\velocity.properties
2018-11-19 15:32:59,627 - Trying to use logger class org.apache.velocity.runtime.log.AvalonLogChute
2018-11-19 15:32:59,627 - Trying to use logger class org.apache.velocity.runtime.log.AvalonLogChute
2018-11-19 15:32:59,627 - Target log system for org.apache.velocity.runtime.log.AvalonLogChute is not available (java.lang.NoClassDefFoundError: org/apache/log/format/Formatter).  Falling back to next log system...
2018-11-19 15:32:59,627 - Target log system for org.apache.velocity.runtime.log.AvalonLogChute is not available (java.lang.NoClassDefFoundError: org/apache/log/format/Formatter).  Falling back to next log system...
2018-11-19 15:32:59,627 - Trying to use logger class org.apache.velocity.runtime.log.Log4JLogChute
2018-11-19 15:32:59,627 - Trying to use logger class org.apache.velocity.runtime.log.Log4JLogChute
2018-11-19 15:32:59,627 - Using logger class org.apache.velocity.runtime.log.Log4JLogChute
2018-11-19 15:32:59,627 - Using logger class org.apache.velocity.runtime.log.Log4JLogChute
2018-11-19 15:32:59,627 - ResourceLoader instantiated: org.apache.velocity.runtime.resource.loader.FileResourceLoader
2018-11-19 15:32:59,627 - ResourceLoader instantiated: org.apache.velocity.runtime.resource.loader.FileResourceLoader
2018-11-19 15:32:59,628 - Do unicode file recognition:  false
2018-11-19 15:32:59,628 - Do unicode file recognition:  false
2018-11-19 15:32:59,628 - FileResourceLoader : adding path 'E:\workspace\agency-efolder-windows\target\classes\outerConfig\app\efolder-web\conf'
2018-11-19 15:32:59,628 - FileResourceLoader : adding path 'E:\workspace\agency-efolder-windows\target\classes\outerConfig\app\efolder-web\conf'
2018-11-19 15:32:59,628 - ResourceCache: initialized (class org.apache.velocity.runtime.resource.ResourceCacheImpl) with class java.util.Collections$SynchronizedMap cache map.
2018-11-19 15:32:59,628 - ResourceCache: initialized (class org.apache.velocity.runtime.resource.ResourceCacheImpl) with class java.util.Collections$SynchronizedMap cache map.
2018-11-19 15:32:59,628 - Loaded System Directive: org.apache.velocity.runtime.directive.Stop
2018-11-19 15:32:59,628 - Loaded System Directive: org.apache.velocity.runtime.directive.Stop
2018-11-19 15:32:59,628 - Loaded System Directive: org.apache.velocity.runtime.directive.Define
2018-11-19 15:32:59,628 - Loaded System Directive: org.apache.velocity.runtime.directive.Define
2018-11-19 15:32:59,628 - Loaded System Directive: org.apache.velocity.runtime.directive.Break
2018-11-19 15:32:59,628 - Loaded System Directive: org.apache.velocity.runtime.directive.Break
2018-11-19 15:32:59,628 - Loaded System Directive: org.apache.velocity.runtime.directive.Evaluate
2018-11-19 15:32:59,628 - Loaded System Directive: org.apache.velocity.runtime.directive.Evaluate
2018-11-19 15:32:59,628 - Loaded System Directive: org.apache.velocity.runtime.directive.Literal
2018-11-19 15:32:59,628 - Loaded System Directive: org.apache.velocity.runtime.directive.Literal
2018-11-19 15:32:59,628 - Loaded System Directive: org.apache.velocity.runtime.directive.Macro
2018-11-19 15:32:59,628 - Loaded System Directive: org.apache.velocity.runtime.directive.Macro
2018-11-19 15:32:59,628 - Loaded System Directive: org.apache.velocity.runtime.directive.Parse
2018-11-19 15:32:59,628 - Loaded System Directive: org.apache.velocity.runtime.directive.Parse
2018-11-19 15:32:59,628 - Loaded System Directive: org.apache.velocity.runtime.directive.Include
2018-11-19 15:32:59,628 - Loaded System Directive: org.apache.velocity.runtime.directive.Include
2018-11-19 15:32:59,628 - Loaded System Directive: org.apache.velocity.runtime.directive.Foreach
2018-11-19 15:32:59,628 - Loaded System Directive: org.apache.velocity.runtime.directive.Foreach
2018-11-19 15:32:59,629 - Created '20' parsers.
2018-11-19 15:32:59,629 - Created '20' parsers.
2018-11-19 15:32:59,629 - Velocimacro : "velocimacro.library" is not set.  Trying default library: VM_global_library.vm
2018-11-19 15:32:59,629 - Velocimacro : "velocimacro.library" is not set.  Trying default library: VM_global_library.vm
2018-11-19 15:32:59,629 - Velocimacro : Default library not found.
2018-11-19 15:32:59,629 - Velocimacro : Default library not found.
2018-11-19 15:32:59,629 - Velocimacro : allowInline = true : VMs can be defined inline in templates
2018-11-19 15:32:59,629 - Velocimacro : allowInline = true : VMs can be defined inline in templates
2018-11-19 15:32:59,629 - Velocimacro : allowInlineToOverride = false : VMs defined inline may NOT replace previous VM definitions
2018-11-19 15:32:59,629 - Velocimacro : allowInlineToOverride = false : VMs defined inline may NOT replace previous VM definitions
2018-11-19 15:32:59,629 - Velocimacro : allowInlineLocal = false : VMs defined inline will be global in scope if allowed.
2018-11-19 15:32:59,629 - Velocimacro : allowInlineLocal = false : VMs defined inline will be global in scope if allowed.
2018-11-19 15:32:59,629 - Velocimacro : autoload off : VM system will not automatically reload global library macros
2018-11-19 15:32:59,629 - Velocimacro : autoload off : VM system will not automatically reload global library macros
2018-11-19 15:32:59,632 - ResourceManager : found application_properties.vm with loader org.apache.velocity.runtime.resource.loader.FileResourceLoader
2018-11-19 15:32:59,632 - ResourceManager : found application_properties.vm with loader org.apache.velocity.runtime.resource.loader.FileResourceLoader
2018-11-19 15:32:59,636 - Log4JLogChute initialized using file 'velocity.log'
2018-11-19 15:32:59,636 - Log4JLogChute initialized using file 'velocity.log'
2018-11-19 15:32:59,636 - Log4JLogChute initialized using file 'velocity.log'
2018-11-19 15:32:59,636 - Initializing Velocity, Calling init()...
2018-11-19 15:32:59,636 - Initializing Velocity, Calling init()...
2018-11-19 15:32:59,636 - Initializing Velocity, Calling init()...
2018-11-19 15:32:59,636 - Starting Apache Velocity v1.7 (compiled: 2010-11-19 12:14:37)
2018-11-19 15:32:59,636 - Starting Apache Velocity v1.7 (compiled: 2010-11-19 12:14:37)
2018-11-19 15:32:59,636 - Starting Apache Velocity v1.7 (compiled: 2010-11-19 12:14:37)
2018-11-19 15:32:59,636 - Default Properties File: org\apache\velocity\runtime\defaults\velocity.properties
2018-11-19 15:32:59,636 - Default Properties File: org\apache\velocity\runtime\defaults\velocity.properties
2018-11-19 15:32:59,636 - Default Properties File: org\apache\velocity\runtime\defaults\velocity.properties
2018-11-19 15:32:59,636 - Trying to use logger class org.apache.velocity.runtime.log.AvalonLogChute
2018-11-19 15:32:59,636 - Trying to use logger class org.apache.velocity.runtime.log.AvalonLogChute
2018-11-19 15:32:59,636 - Trying to use logger class org.apache.velocity.runtime.log.AvalonLogChute
2018-11-19 15:32:59,636 - Target log system for org.apache.velocity.runtime.log.AvalonLogChute is not available (java.lang.NoClassDefFoundError: org/apache/log/format/Formatter).  Falling back to next log system...
2018-11-19 15:32:59,636 - Target log system for org.apache.velocity.runtime.log.AvalonLogChute is not available (java.lang.NoClassDefFoundError: org/apache/log/format/Formatter).  Falling back to next log system...
2018-11-19 15:32:59,636 - Target log system for org.apache.velocity.runtime.log.AvalonLogChute is not available (java.lang.NoClassDefFoundError: org/apache/log/format/Formatter).  Falling back to next log system...
2018-11-19 15:32:59,636 - Trying to use logger class org.apache.velocity.runtime.log.Log4JLogChute
2018-11-19 15:32:59,636 - Trying to use logger class org.apache.velocity.runtime.log.Log4JLogChute
2018-11-19 15:32:59,636 - Trying to use logger class org.apache.velocity.runtime.log.Log4JLogChute
2018-11-19 15:32:59,636 - Using logger class org.apache.velocity.runtime.log.Log4JLogChute
2018-11-19 15:32:59,636 - Using logger class org.apache.velocity.runtime.log.Log4JLogChute
2018-11-19 15:32:59,636 - Using logger class org.apache.velocity.runtime.log.Log4JLogChute
2018-11-19 15:32:59,637 - ResourceLoader instantiated: org.apache.velocity.runtime.resource.loader.FileResourceLoader
2018-11-19 15:32:59,637 - ResourceLoader instantiated: org.apache.velocity.runtime.resource.loader.FileResourceLoader
2018-11-19 15:32:59,637 - ResourceLoader instantiated: org.apache.velocity.runtime.resource.loader.FileResourceLoader
2018-11-19 15:32:59,637 - Do unicode file recognition:  false
2018-11-19 15:32:59,637 - Do unicode file recognition:  false
2018-11-19 15:32:59,637 - Do unicode file recognition:  false
2018-11-19 15:32:59,637 - FileResourceLoader : adding path 'E:\workspace\agency-efolder-windows\target\classes\outerConfig\app\efolder-web\conf'
2018-11-19 15:32:59,637 - FileResourceLoader : adding path 'E:\workspace\agency-efolder-windows\target\classes\outerConfig\app\efolder-web\conf'
2018-11-19 15:32:59,637 - FileResourceLoader : adding path 'E:\workspace\agency-efolder-windows\target\classes\outerConfig\app\efolder-web\conf'
2018-11-19 15:32:59,637 - ResourceCache: initialized (class org.apache.velocity.runtime.resource.ResourceCacheImpl) with class java.util.Collections$SynchronizedMap cache map.
2018-11-19 15:32:59,637 - ResourceCache: initialized (class org.apache.velocity.runtime.resource.ResourceCacheImpl) with class java.util.Collections$SynchronizedMap cache map.
2018-11-19 15:32:59,637 - ResourceCache: initialized (class org.apache.velocity.runtime.resource.ResourceCacheImpl) with class java.util.Collections$SynchronizedMap cache map.
2018-11-19 15:32:59,637 - Loaded System Directive: org.apache.velocity.runtime.directive.Stop
2018-11-19 15:32:59,637 - Loaded System Directive: org.apache.velocity.runtime.directive.Stop
2018-11-19 15:32:59,637 - Loaded System Directive: org.apache.velocity.runtime.directive.Stop
2018-11-19 15:32:59,637 - Loaded System Directive: org.apache.velocity.runtime.directive.Define
2018-11-19 15:32:59,637 - Loaded System Directive: org.apache.velocity.runtime.directive.Define
2018-11-19 15:32:59,637 - Loaded System Directive: org.apache.velocity.runtime.directive.Define
2018-11-19 15:32:59,637 - Loaded System Directive: org.apache.velocity.runtime.directive.Break
2018-11-19 15:32:59,637 - Loaded System Directive: org.apache.velocity.runtime.directive.Break
2018-11-19 15:32:59,637 - Loaded System Directive: org.apache.velocity.runtime.directive.Break
2018-11-19 15:32:59,637 - Loaded System Directive: org.apache.velocity.runtime.directive.Evaluate
2018-11-19 15:32:59,637 - Loaded System Directive: org.apache.velocity.runtime.directive.Evaluate
2018-11-19 15:32:59,637 - Loaded System Directive: org.apache.velocity.runtime.directive.Evaluate
2018-11-19 15:32:59,637 - Loaded System Directive: org.apache.velocity.runtime.directive.Literal
2018-11-19 15:32:59,637 - Loaded System Directive: org.apache.velocity.runtime.directive.Literal
2018-11-19 15:32:59,637 - Loaded System Directive: org.apache.velocity.runtime.directive.Literal
2018-11-19 15:32:59,637 - Loaded System Directive: org.apache.velocity.runtime.directive.Macro
2018-11-19 15:32:59,637 - Loaded System Directive: org.apache.velocity.runtime.directive.Macro
2018-11-19 15:32:59,637 - Loaded System Directive: org.apache.velocity.runtime.directive.Macro
2018-11-19 15:32:59,637 - Loaded System Directive: org.apache.velocity.runtime.directive.Parse
2018-11-19 15:32:59,637 - Loaded System Directive: org.apache.velocity.runtime.directive.Parse
2018-11-19 15:32:59,637 - Loaded System Directive: org.apache.velocity.runtime.directive.Parse
2018-11-19 15:32:59,637 - Loaded System Directive: org.apache.velocity.runtime.directive.Include
2018-11-19 15:32:59,637 - Loaded System Directive: org.apache.velocity.runtime.directive.Include
2018-11-19 15:32:59,637 - Loaded System Directive: org.apache.velocity.runtime.directive.Include
2018-11-19 15:32:59,637 - Loaded System Directive: org.apache.velocity.runtime.directive.Foreach
2018-11-19 15:32:59,637 - Loaded System Directive: org.apache.velocity.runtime.directive.Foreach
2018-11-19 15:32:59,637 - Loaded System Directive: org.apache.velocity.runtime.directive.Foreach
2018-11-19 15:32:59,638 - Created '20' parsers.
2018-11-19 15:32:59,638 - Created '20' parsers.
2018-11-19 15:32:59,638 - Created '20' parsers.
2018-11-19 15:32:59,638 - Velocimacro : "velocimacro.library" is not set.  Trying default library: VM_global_library.vm
2018-11-19 15:32:59,638 - Velocimacro : "velocimacro.library" is not set.  Trying default library: VM_global_library.vm
2018-11-19 15:32:59,638 - Velocimacro : "velocimacro.library" is not set.  Trying default library: VM_global_library.vm
2018-11-19 15:32:59,639 - Velocimacro : Default library not found.
2018-11-19 15:32:59,639 - Velocimacro : Default library not found.
2018-11-19 15:32:59,639 - Velocimacro : Default library not found.
2018-11-19 15:32:59,639 - Velocimacro : allowInline = true : VMs can be defined inline in templates
2018-11-19 15:32:59,639 - Velocimacro : allowInline = true : VMs can be defined inline in templates
2018-11-19 15:32:59,639 - Velocimacro : allowInline = true : VMs can be defined inline in templates
2018-11-19 15:32:59,639 - Velocimacro : allowInlineToOverride = false : VMs defined inline may NOT replace previous VM definitions
2018-11-19 15:32:59,639 - Velocimacro : allowInlineToOverride = false : VMs defined inline may NOT replace previous VM definitions
2018-11-19 15:32:59,639 - Velocimacro : allowInlineToOverride = false : VMs defined inline may NOT replace previous VM definitions
2018-11-19 15:32:59,639 - Velocimacro : allowInlineLocal = false : VMs defined inline will be global in scope if allowed.
2018-11-19 15:32:59,639 - Velocimacro : allowInlineLocal = false : VMs defined inline will be global in scope if allowed.
2018-11-19 15:32:59,639 - Velocimacro : allowInlineLocal = false : VMs defined inline will be global in scope if allowed.
2018-11-19 15:32:59,639 - Velocimacro : autoload off : VM system will not automatically reload global library macros
2018-11-19 15:32:59,639 - Velocimacro : autoload off : VM system will not automatically reload global library macros
2018-11-19 15:32:59,639 - Velocimacro : autoload off : VM system will not automatically reload global library macros
2018-11-19 15:32:59,639 - ResourceManager : found bosssoft_properties.vm with loader org.apache.velocity.runtime.resource.loader.FileResourceLoader
2018-11-19 15:32:59,639 - ResourceManager : found bosssoft_properties.vm with loader org.apache.velocity.runtime.resource.loader.FileResourceLoader
2018-11-19 15:32:59,639 - ResourceManager : found bosssoft_properties.vm with loader org.apache.velocity.runtime.resource.loader.FileResourceLoader
2018-11-19 15:32:59,643 - Log4JLogChute initialized using file 'velocity.log'
2018-11-19 15:32:59,643 - Log4JLogChute initialized using file 'velocity.log'
2018-11-19 15:32:59,643 - Log4JLogChute initialized using file 'velocity.log'
2018-11-19 15:32:59,643 - Log4JLogChute initialized using file 'velocity.log'
2018-11-19 15:32:59,643 - Initializing Velocity, Calling init()...
2018-11-19 15:32:59,643 - Initializing Velocity, Calling init()...
2018-11-19 15:32:59,643 - Initializing Velocity, Calling init()...
2018-11-19 15:32:59,643 - Initializing Velocity, Calling init()...
2018-11-19 15:32:59,643 - Starting Apache Velocity v1.7 (compiled: 2010-11-19 12:14:37)
2018-11-19 15:32:59,643 - Starting Apache Velocity v1.7 (compiled: 2010-11-19 12:14:37)
2018-11-19 15:32:59,643 - Starting Apache Velocity v1.7 (compiled: 2010-11-19 12:14:37)
2018-11-19 15:32:59,643 - Starting Apache Velocity v1.7 (compiled: 2010-11-19 12:14:37)
2018-11-19 15:32:59,643 - Default Properties File: org\apache\velocity\runtime\defaults\velocity.properties
2018-11-19 15:32:59,643 - Default Properties File: org\apache\velocity\runtime\defaults\velocity.properties
2018-11-19 15:32:59,643 - Default Properties File: org\apache\velocity\runtime\defaults\velocity.properties
2018-11-19 15:32:59,643 - Default Properties File: org\apache\velocity\runtime\defaults\velocity.properties
2018-11-19 15:32:59,643 - Trying to use logger class org.apache.velocity.runtime.log.AvalonLogChute
2018-11-19 15:32:59,643 - Trying to use logger class org.apache.velocity.runtime.log.AvalonLogChute
2018-11-19 15:32:59,643 - Trying to use logger class org.apache.velocity.runtime.log.AvalonLogChute
2018-11-19 15:32:59,643 - Trying to use logger class org.apache.velocity.runtime.log.AvalonLogChute
2018-11-19 15:32:59,643 - Target log system for org.apache.velocity.runtime.log.AvalonLogChute is not available (java.lang.NoClassDefFoundError: org/apache/log/format/Formatter).  Falling back to next log system...
2018-11-19 15:32:59,643 - Target log system for org.apache.velocity.runtime.log.AvalonLogChute is not available (java.lang.NoClassDefFoundError: org/apache/log/format/Formatter).  Falling back to next log system...
2018-11-19 15:32:59,643 - Target log system for org.apache.velocity.runtime.log.AvalonLogChute is not available (java.lang.NoClassDefFoundError: org/apache/log/format/Formatter).  Falling back to next log system...
2018-11-19 15:32:59,643 - Target log system for org.apache.velocity.runtime.log.AvalonLogChute is not available (java.lang.NoClassDefFoundError: org/apache/log/format/Formatter).  Falling back to next log system...
2018-11-19 15:32:59,643 - Trying to use logger class org.apache.velocity.runtime.log.Log4JLogChute
2018-11-19 15:32:59,643 - Trying to use logger class org.apache.velocity.runtime.log.Log4JLogChute
2018-11-19 15:32:59,643 - Trying to use logger class org.apache.velocity.runtime.log.Log4JLogChute
2018-11-19 15:32:59,643 - Trying to use logger class org.apache.velocity.runtime.log.Log4JLogChute
2018-11-19 15:32:59,643 - Using logger class org.apache.velocity.runtime.log.Log4JLogChute
2018-11-19 15:32:59,643 - Using logger class org.apache.velocity.runtime.log.Log4JLogChute
2018-11-19 15:32:59,643 - Using logger class org.apache.velocity.runtime.log.Log4JLogChute
2018-11-19 15:32:59,643 - Using logger class org.apache.velocity.runtime.log.Log4JLogChute
2018-11-19 15:32:59,643 - ResourceLoader instantiated: org.apache.velocity.runtime.resource.loader.FileResourceLoader
2018-11-19 15:32:59,643 - ResourceLoader instantiated: org.apache.velocity.runtime.resource.loader.FileResourceLoader
2018-11-19 15:32:59,643 - ResourceLoader instantiated: org.apache.velocity.runtime.resource.loader.FileResourceLoader
2018-11-19 15:32:59,643 - ResourceLoader instantiated: org.apache.velocity.runtime.resource.loader.FileResourceLoader
2018-11-19 15:32:59,643 - Do unicode file recognition:  false
2018-11-19 15:32:59,643 - Do unicode file recognition:  false
2018-11-19 15:32:59,643 - Do unicode file recognition:  false
2018-11-19 15:32:59,643 - Do unicode file recognition:  false
2018-11-19 15:32:59,643 - FileResourceLoader : adding path 'E:\workspace\agency-efolder-windows\target\classes\outerConfig\app\efolder-web\conf'
2018-11-19 15:32:59,643 - FileResourceLoader : adding path 'E:\workspace\agency-efolder-windows\target\classes\outerConfig\app\efolder-web\conf'
2018-11-19 15:32:59,643 - FileResourceLoader : adding path 'E:\workspace\agency-efolder-windows\target\classes\outerConfig\app\efolder-web\conf'
2018-11-19 15:32:59,643 - FileResourceLoader : adding path 'E:\workspace\agency-efolder-windows\target\classes\outerConfig\app\efolder-web\conf'
2018-11-19 15:32:59,644 - ResourceCache: initialized (class org.apache.velocity.runtime.resource.ResourceCacheImpl) with class java.util.Collections$SynchronizedMap cache map.
2018-11-19 15:32:59,644 - ResourceCache: initialized (class org.apache.velocity.runtime.resource.ResourceCacheImpl) with class java.util.Collections$SynchronizedMap cache map.
2018-11-19 15:32:59,644 - ResourceCache: initialized (class org.apache.velocity.runtime.resource.ResourceCacheImpl) with class java.util.Collections$SynchronizedMap cache map.
2018-11-19 15:32:59,644 - ResourceCache: initialized (class org.apache.velocity.runtime.resource.ResourceCacheImpl) with class java.util.Collections$SynchronizedMap cache map.
2018-11-19 15:32:59,644 - Loaded System Directive: org.apache.velocity.runtime.directive.Stop
2018-11-19 15:32:59,644 - Loaded System Directive: org.apache.velocity.runtime.directive.Stop
2018-11-19 15:32:59,644 - Loaded System Directive: org.apache.velocity.runtime.directive.Stop
2018-11-19 15:32:59,644 - Loaded System Directive: org.apache.velocity.runtime.directive.Stop
2018-11-19 15:32:59,644 - Loaded System Directive: org.apache.velocity.runtime.directive.Define
2018-11-19 15:32:59,644 - Loaded System Directive: org.apache.velocity.runtime.directive.Define
2018-11-19 15:32:59,644 - Loaded System Directive: org.apache.velocity.runtime.directive.Define
2018-11-19 15:32:59,644 - Loaded System Directive: org.apache.velocity.runtime.directive.Define
2018-11-19 15:32:59,644 - Loaded System Directive: org.apache.velocity.runtime.directive.Break
2018-11-19 15:32:59,644 - Loaded System Directive: org.apache.velocity.runtime.directive.Break
2018-11-19 15:32:59,644 - Loaded System Directive: org.apache.velocity.runtime.directive.Break
2018-11-19 15:32:59,644 - Loaded System Directive: org.apache.velocity.runtime.directive.Break
2018-11-19 15:32:59,644 - Loaded System Directive: org.apache.velocity.runtime.directive.Evaluate
2018-11-19 15:32:59,644 - Loaded System Directive: org.apache.velocity.runtime.directive.Evaluate
2018-11-19 15:32:59,644 - Loaded System Directive: org.apache.velocity.runtime.directive.Evaluate
2018-11-19 15:32:59,644 - Loaded System Directive: org.apache.velocity.runtime.directive.Evaluate
2018-11-19 15:32:59,644 - Loaded System Directive: org.apache.velocity.runtime.directive.Literal
2018-11-19 15:32:59,644 - Loaded System Directive: org.apache.velocity.runtime.directive.Literal
2018-11-19 15:32:59,644 - Loaded System Directive: org.apache.velocity.runtime.directive.Literal
2018-11-19 15:32:59,644 - Loaded System Directive: org.apache.velocity.runtime.directive.Literal
2018-11-19 15:32:59,644 - Loaded System Directive: org.apache.velocity.runtime.directive.Macro
2018-11-19 15:32:59,644 - Loaded System Directive: org.apache.velocity.runtime.directive.Macro
2018-11-19 15:32:59,644 - Loaded System Directive: org.apache.velocity.runtime.directive.Macro
2018-11-19 15:32:59,644 - Loaded System Directive: org.apache.velocity.runtime.directive.Macro
2018-11-19 15:32:59,644 - Loaded System Directive: org.apache.velocity.runtime.directive.Parse
2018-11-19 15:32:59,644 - Loaded System Directive: org.apache.velocity.runtime.directive.Parse
2018-11-19 15:32:59,644 - Loaded System Directive: org.apache.velocity.runtime.directive.Parse
2018-11-19 15:32:59,644 - Loaded System Directive: org.apache.velocity.runtime.directive.Parse
2018-11-19 15:32:59,644 - Loaded System Directive: org.apache.velocity.runtime.directive.Include
2018-11-19 15:32:59,644 - Loaded System Directive: org.apache.velocity.runtime.directive.Include
2018-11-19 15:32:59,644 - Loaded System Directive: org.apache.velocity.runtime.directive.Include
2018-11-19 15:32:59,644 - Loaded System Directive: org.apache.velocity.runtime.directive.Include
2018-11-19 15:32:59,644 - Loaded System Directive: org.apache.velocity.runtime.directive.Foreach
2018-11-19 15:32:59,644 - Loaded System Directive: org.apache.velocity.runtime.directive.Foreach
2018-11-19 15:32:59,644 - Loaded System Directive: org.apache.velocity.runtime.directive.Foreach
2018-11-19 15:32:59,644 - Loaded System Directive: org.apache.velocity.runtime.directive.Foreach
2018-11-19 15:32:59,657 - Created '20' parsers.
2018-11-19 15:32:59,657 - Created '20' parsers.
2018-11-19 15:32:59,657 - Created '20' parsers.
2018-11-19 15:32:59,657 - Created '20' parsers.
2018-11-19 15:32:59,658 - Velocimacro : "velocimacro.library" is not set.  Trying default library: VM_global_library.vm
2018-11-19 15:32:59,658 - Velocimacro : "velocimacro.library" is not set.  Trying default library: VM_global_library.vm
2018-11-19 15:32:59,658 - Velocimacro : "velocimacro.library" is not set.  Trying default library: VM_global_library.vm
2018-11-19 15:32:59,658 - Velocimacro : "velocimacro.library" is not set.  Trying default library: VM_global_library.vm
2018-11-19 15:32:59,658 - Velocimacro : Default library not found.
2018-11-19 15:32:59,658 - Velocimacro : Default library not found.
2018-11-19 15:32:59,658 - Velocimacro : Default library not found.
2018-11-19 15:32:59,658 - Velocimacro : Default library not found.
2018-11-19 15:32:59,658 - Velocimacro : allowInline = true : VMs can be defined inline in templates
2018-11-19 15:32:59,658 - Velocimacro : allowInline = true : VMs can be defined inline in templates
2018-11-19 15:32:59,658 - Velocimacro : allowInline = true : VMs can be defined inline in templates
2018-11-19 15:32:59,658 - Velocimacro : allowInline = true : VMs can be defined inline in templates
2018-11-19 15:32:59,658 - Velocimacro : allowInlineToOverride = false : VMs defined inline may NOT replace previous VM definitions
2018-11-19 15:32:59,658 - Velocimacro : allowInlineToOverride = false : VMs defined inline may NOT replace previous VM definitions
2018-11-19 15:32:59,658 - Velocimacro : allowInlineToOverride = false : VMs defined inline may NOT replace previous VM definitions
2018-11-19 15:32:59,658 - Velocimacro : allowInlineToOverride = false : VMs defined inline may NOT replace previous VM definitions
2018-11-19 15:32:59,659 - Velocimacro : allowInlineLocal = false : VMs defined inline will be global in scope if allowed.
2018-11-19 15:32:59,659 - Velocimacro : allowInlineLocal = false : VMs defined inline will be global in scope if allowed.
2018-11-19 15:32:59,659 - Velocimacro : allowInlineLocal = false : VMs defined inline will be global in scope if allowed.
2018-11-19 15:32:59,660 - Velocimacro : autoload off : VM system will not automatically reload global library macros
2018-11-19 15:32:59,660 - Velocimacro : autoload off : VM system will not automatically reload global library macros
2018-11-19 15:32:59,661 - ResourceManager : found urlrewrite_xml.vm with loader org.apache.velocity.runtime.resource.loader.FileResourceLoader
2018-12-13 09:24:34,719 - Log4JLogChute initialized using file 'velocity.log'
2018-12-13 09:24:34,726 - Initializing Velocity, Calling init()...
2018-12-13 09:24:34,726 - Starting Apache Velocity v1.7 (compiled: 2010-11-19 12:14:37)
2018-12-13 09:24:34,726 - Default Properties File: org\apache\velocity\runtime\defaults\velocity.properties
2018-12-13 09:24:34,726 - Trying to use logger class org.apache.velocity.runtime.log.AvalonLogChute
2018-12-13 09:24:34,726 - Target log system for org.apache.velocity.runtime.log.AvalonLogChute is not available (java.lang.NoClassDefFoundError: org/apache/log/format/Formatter).  Falling back to next log system...
2018-12-13 09:24:34,726 - Trying to use logger class org.apache.velocity.runtime.log.Log4JLogChute
2018-12-13 09:24:34,726 - Using logger class org.apache.velocity.runtime.log.Log4JLogChute
2018-12-13 09:24:34,732 - ResourceLoader instantiated: org.apache.velocity.runtime.resource.loader.FileResourceLoader
2018-12-13 09:24:34,733 - Do unicode file recognition:  false
2018-12-13 09:24:34,733 - FileResourceLoader : adding path 'E:\workspace\agency-efolder-windows\target\classes\outerConfig\app\efolder-web\WEB-INF\classes'
2018-12-13 09:24:34,745 - ResourceCache: initialized (class org.apache.velocity.runtime.resource.ResourceCacheImpl) with class java.util.Collections$SynchronizedMap cache map.
2018-12-13 09:24:34,746 - Loaded System Directive: org.apache.velocity.runtime.directive.Stop
2018-12-13 09:24:34,748 - Loaded System Directive: org.apache.velocity.runtime.directive.Define
2018-12-13 09:24:34,749 - Loaded System Directive: org.apache.velocity.runtime.directive.Break
2018-12-13 09:24:34,750 - Loaded System Directive: org.apache.velocity.runtime.directive.Evaluate
2018-12-13 09:24:34,751 - Loaded System Directive: org.apache.velocity.runtime.directive.Literal
2018-12-13 09:24:34,752 - Loaded System Directive: org.apache.velocity.runtime.directive.Macro
2018-12-13 09:24:34,754 - Loaded System Directive: org.apache.velocity.runtime.directive.Parse
2018-12-13 09:24:34,755 - Loaded System Directive: org.apache.velocity.runtime.directive.Include
2018-12-13 09:24:34,756 - Loaded System Directive: org.apache.velocity.runtime.directive.Foreach
2018-12-13 09:24:34,800 - Created '20' parsers.
2018-12-13 09:24:34,804 - Velocimacro : "velocimacro.library" is not set.  Trying default library: VM_global_library.vm
2018-12-13 09:24:34,804 - Velocimacro : Default library not found.
2018-12-13 09:24:34,804 - Velocimacro : allowInline = true : VMs can be defined inline in templates
2018-12-13 09:24:34,804 - Velocimacro : allowInlineToOverride = false : VMs defined inline may NOT replace previous VM definitions
2018-12-13 09:24:34,804 - Velocimacro : allowInlineLocal = false : VMs defined inline will be global in scope if allowed.
2018-12-13 09:24:34,804 - Velocimacro : autoload off : VM system will not automatically reload global library macros
2018-12-13 09:24:34,814 - ResourceManager : found bosssoft_properties.vm with loader org.apache.velocity.runtime.resource.loader.FileResourceLoader
2019-07-10 11:05:26,170 - Log4JLogChute initialized using file 'velocity.log'
2019-07-10 11:05:26,200 - Initializing Velocity, Calling init()...
2019-07-10 11:05:26,200 - Starting Apache Velocity v1.7 (compiled: 2010-11-19 12:14:37)
2019-07-10 11:05:26,200 - Default Properties File: org\apache\velocity\runtime\defaults\velocity.properties
2019-07-10 11:05:26,200 - Trying to use logger class org.apache.velocity.runtime.log.AvalonLogChute
2019-07-10 11:05:26,200 - Target log system for org.apache.velocity.runtime.log.AvalonLogChute is not available (java.lang.NoClassDefFoundError: org/apache/log/format/Formatter).  Falling back to next log system...
2019-07-10 11:05:26,200 - Trying to use logger class org.apache.velocity.runtime.log.Log4JLogChute
2019-07-10 11:05:26,200 - Using logger class org.apache.velocity.runtime.log.Log4JLogChute
2019-07-10 11:05:26,206 - ResourceLoader instantiated: org.apache.velocity.runtime.resource.loader.FileResourceLoader
2019-07-10 11:05:26,207 - Do unicode file recognition:  false
2019-07-10 11:05:26,207 - FileResourceLoader : adding path 'D:\github\agency-efolder-windows\target\classes\outerConfig\app\efolder-web\WEB-INF\classes'
2019-07-10 11:05:26,266 - ResourceCache: initialized (class org.apache.velocity.runtime.resource.ResourceCacheImpl) with class java.util.Collections$SynchronizedMap cache map.
2019-07-10 11:05:26,268 - Loaded System Directive: org.apache.velocity.runtime.directive.Stop
2019-07-10 11:05:26,269 - Loaded System Directive: org.apache.velocity.runtime.directive.Define
2019-07-10 11:05:26,270 - Loaded System Directive: org.apache.velocity.runtime.directive.Break
2019-07-10 11:05:26,279 - Loaded System Directive: org.apache.velocity.runtime.directive.Evaluate
2019-07-10 11:05:26,280 - Loaded System Directive: org.apache.velocity.runtime.directive.Literal
2019-07-10 11:05:26,281 - Loaded System Directive: org.apache.velocity.runtime.directive.Macro
2019-07-10 11:05:26,282 - Loaded System Directive: org.apache.velocity.runtime.directive.Parse
2019-07-10 11:05:26,283 - Loaded System Directive: org.apache.velocity.runtime.directive.Include
2019-07-10 11:05:26,284 - Loaded System Directive: org.apache.velocity.runtime.directive.Foreach
2019-07-10 11:05:26,320 - Created '20' parsers.
2019-07-10 11:05:26,325 - Velocimacro : "velocimacro.library" is not set.  Trying default library: VM_global_library.vm
2019-07-10 11:05:26,325 - Velocimacro : Default library not found.
2019-07-10 11:05:26,325 - Velocimacro : allowInline = true : VMs can be defined inline in templates
2019-07-10 11:05:26,325 - Velocimacro : allowInlineToOverride = false : VMs defined inline may NOT replace previous VM definitions
2019-07-10 11:05:26,325 - Velocimacro : allowInlineLocal = false : VMs defined inline will be global in scope if allowed.
2019-07-10 11:05:26,325 - Velocimacro : autoload off : VM system will not automatically reload global library macros
2019-07-10 11:05:26,333 - ResourceManager : found bosssoft_properties.vm with loader org.apache.velocity.runtime.resource.loader.FileResourceLoader
